<?xml version="1.0" encoding="UTF-8"?>
<robot generator="Robot 7.3.2 (Python 3.13.7 on win32)" generated="2025-11-12T16:04:43.732178" rpa="false" schemaversion="5">
<suite id="s1" name="Test" source="C:\wamp64\www\edu_php\Test">
<suite id="s1-s1" name="Tests" source="C:\wamp64\www\edu_php\Test\tests">
<suite id="s1-s1-s1" name="Test Login" source="C:\wamp64\www\edu_php\Test\tests\test_login.robot">
<test id="s1-s1-s1-t1" name="Login As Teacher" line="43">
<kw name="Open Edulien" owner="common">
<kw name="Open Browser" owner="SeleniumLibrary">
<msg time="2025-11-12T16:04:43.991355" level="INFO">Opening browser 'chrome' to base url 'https://edulien.free.nf/views/pages/index.php'.</msg>
<arg>${url}</arg>
<arg>${Browser}</arg>
<doc>Opens a new browser instance to the optional ``url``.</doc>
<status status="PASS" start="2025-11-12T16:04:43.991162" elapsed="2.583914"/>
</kw>
<kw name="Maximize Browser Window" owner="SeleniumLibrary">
<doc>Maximizes current browser window.</doc>
<status status="PASS" start="2025-11-12T16:04:46.575337" elapsed="11.117064"/>
</kw>
<status status="PASS" start="2025-11-12T16:04:43.990676" elapsed="13.701858"/>
</kw>
<kw name="Login As Teacher with invalid email" owner="auth_keywords">
<kw name="Wait Until Element Is Enabled" owner="SeleniumLibrary">
<arg>${login}</arg>
<doc>Waits until the element ``locator`` is enabled.</doc>
<status status="PASS" start="2025-11-12T16:04:57.694477" elapsed="0.043274"/>
</kw>
<kw name="Click Link" owner="SeleniumLibrary">
<msg time="2025-11-12T16:04:57.738260" level="INFO">Clicking link 'xpath=//a[text()=' Login']'.</msg>
<arg>${login}</arg>
<doc>Clicks a link identified by ``locator``.</doc>
<status status="PASS" start="2025-11-12T16:04:57.737913" elapsed="4.174928"/>
</kw>
<kw name="Input Text" owner="SeleniumLibrary">
<msg time="2025-11-12T16:05:01.913467" level="INFO">Typing text 'wrong@gmail.com' into text field 'id=email'.</msg>
<arg>${email_lct}</arg>
<arg>wrong@gmail.com</arg>
<doc>Types the given ``text`` into the text field identified by ``locator``.</doc>
<status status="PASS" start="2025-11-12T16:05:01.913114" elapsed="0.213504"/>
</kw>
<kw name="Input Password" owner="SeleniumLibrary">
<msg time="2025-11-12T16:05:02.126970" level="INFO">Typing password into text field 'id=password'.</msg>
<msg time="2025-11-12T16:05:02.228646" level="INFO">Temporally setting log level to: NONE</msg>
<arg>${password_lct}</arg>
<arg>1234</arg>
<doc>Types the given password into the text field identified by ``locator``.</doc>
<status status="PASS" start="2025-11-12T16:05:02.126780" elapsed="0.163095"/>
</kw>
<kw name="Click Button" owner="SeleniumLibrary">
<msg time="2025-11-12T16:05:02.290291" level="INFO">Clicking button 'xpath = //button[@type='submit']'.</msg>
<arg>${submit_btn}</arg>
<doc>Clicks the button identified by ``locator``.</doc>
<status status="PASS" start="2025-11-12T16:05:02.290074" elapsed="0.124580"/>
</kw>
<kw name="Element Should Not Be Visible" owner="SeleniumLibrary">
<msg time="2025-11-12T16:05:02.653816" level="INFO">Element '//h2[contains(text(), 'Welcome')]' did not exist.</msg>
<arg>${profile_text}</arg>
<doc>Verifies that the element identified by ``locator`` is NOT visible.</doc>
<status status="PASS" start="2025-11-12T16:05:02.415223" elapsed="0.238724"/>
</kw>
<status status="PASS" start="2025-11-12T16:04:57.694221" elapsed="4.959873"/>
</kw>
<kw name="Close Browser" owner="SeleniumLibrary">
<doc>Closes the current browser.</doc>
<status status="PASS" start="2025-11-12T16:05:02.654705" elapsed="2.450738"/>
</kw>
<tag>negatif</tag>
<tag>smoke</tag>
<status status="PASS" start="2025-11-12T16:04:43.989747" elapsed="21.116464"/>
</test>
<status status="PASS" start="2025-11-12T16:04:43.755357" elapsed="21.351963"/>
</suite>
<status status="PASS" start="2025-11-12T16:04:43.754421" elapsed="21.354147"/>
</suite>
<status status="PASS" start="2025-11-12T16:04:43.734706" elapsed="21.374761"/>
</suite>
<statistics>
<total>
<stat pass="1" fail="0" skip="0">All Tests</stat>
</total>
<tag>
<stat pass="1" fail="0" skip="0">negatif</stat>
<stat pass="1" fail="0" skip="0">smoke</stat>
</tag>
<suite>
<stat name="Test" id="s1" pass="1" fail="0" skip="0">Test</stat>
<stat name="Tests" id="s1-s1" pass="1" fail="0" skip="0">Test.Tests</stat>
<stat name="Test Login" id="s1-s1-s1" pass="1" fail="0" skip="0">Test.Tests.Test Login</stat>
</suite>
</statistics>
<errors>
</errors>
</robot>
