<?xml version="1.0" encoding="UTF-8"?>
<robot generator="Robot 7.3.2 (Python 3.11.9 on win32)" generated="2025-08-08T13:33:35.022180" rpa="false" schemaversion="5">
<suite id="s1" name="Edu Php" source="C:\wamp64\www\edu_php">
<suite id="s1-s1" name="Test" source="C:\wamp64\www\edu_php\test">
<suite id="s1-s1-s1" name="Tests" source="C:\wamp64\www\edu_php\test\tests">
<suite id="s1-s1-s1-s1" name="Test Login" source="C:\wamp64\www\edu_php\test\tests\test_login.robot">
<test id="s1-s1-s1-s1-t1" name="Login as Student" line="37">
<kw name="Open Edulien" owner="common">
<kw name="Open Browser" owner="SeleniumLibrary">
<msg time="2025-08-08T13:33:35.279630" level="INFO">Opening browser 'chrome' to base url 'http://localhost/edu_php/views/pages/main.php'.</msg>
<arg>${url}</arg>
<arg>${Browser}</arg>
<doc>Opens a new browser instance to the optional ``url``.</doc>
<status status="PASS" start="2025-08-08T13:33:35.279630" elapsed="1.346701"/>
</kw>
<kw name="Maximize Browser Window" owner="SeleniumLibrary">
<doc>Maximizes current browser window.</doc>
<status status="PASS" start="2025-08-08T13:33:36.626331" elapsed="0.022563"/>
</kw>
<status status="PASS" start="2025-08-08T13:33:35.279630" elapsed="1.369264"/>
</kw>
<kw name="Login As Student with valid fields" owner="auth_keywords">
<kw name="Wait Until Element Is Enabled" owner="SeleniumLibrary">
<arg>${login}</arg>
<doc>Waits until the element ``locator`` is enabled.</doc>
<status status="PASS" start="2025-08-08T13:33:36.648894" elapsed="0.031918"/>
</kw>
<kw name="Click Link" owner="SeleniumLibrary">
<msg time="2025-08-08T13:33:36.681810" level="INFO">Clicking link 'xpath=//*[@id="navbarSupportedContent"]/div[2]/div/a[1]'.</msg>
<arg>${login}</arg>
<doc>Clicks a link identified by ``locator``.</doc>
<status status="PASS" start="2025-08-08T13:33:36.680812" elapsed="0.099928"/>
</kw>
<kw name="Input Text" owner="SeleniumLibrary">
<msg time="2025-08-08T13:33:36.781737" level="INFO">Typing text 'student@gmail.com' into text field 'id=email'.</msg>
<arg>${email_lct}</arg>
<arg>${s_email}</arg>
<doc>Types the given ``text`` into the text field identified by ``locator``.</doc>
<status status="PASS" start="2025-08-08T13:33:36.780740" elapsed="0.096857"/>
</kw>
<kw name="Input Password" owner="SeleniumLibrary">
<msg time="2025-08-08T13:33:36.877597" level="INFO">Typing password into text field 'id=password'.</msg>
<msg time="2025-08-08T13:33:36.900398" level="INFO">Temporally setting log level to: NONE</msg>
<arg>${password_lct}</arg>
<arg>${s_password}</arg>
<doc>Types the given password into the text field identified by ``locator``.</doc>
<status status="PASS" start="2025-08-08T13:33:36.877597" elapsed="0.061626"/>
</kw>
<kw name="Click Button" owner="SeleniumLibrary">
<msg time="2025-08-08T13:33:36.939223" level="INFO">Clicking button 'xpath = //button[@type='submit']'.</msg>
<arg>${submit_btn}</arg>
<doc>Clicks the button identified by ``locator``.</doc>
<status status="PASS" start="2025-08-08T13:33:36.939223" elapsed="0.061406"/>
</kw>
<kw name="Wait Until Element Is Visible" owner="SeleniumLibrary">
<arg>${profile_text}</arg>
<doc>Waits until the element ``locator`` is visible.</doc>
<status status="PASS" start="2025-08-08T13:33:37.000629" elapsed="0.298815"/>
</kw>
<kw name="Element Should Be Visible" owner="SeleniumLibrary">
<msg time="2025-08-08T13:33:37.315979" level="INFO">Element 'xpath = /html/body/div/main/div[2]/form/h2' is displayed.</msg>
<arg>${profile_text}</arg>
<doc>Verifies that the element identified by ``locator`` is visible.</doc>
<status status="PASS" start="2025-08-08T13:33:37.299444" elapsed="0.016535"/>
</kw>
<status status="PASS" start="2025-08-08T13:33:36.648894" elapsed="0.667085"/>
</kw>
<kw name="Close Browser" owner="SeleniumLibrary">
<doc>Closes the current browser.</doc>
<status status="PASS" start="2025-08-08T13:33:37.315979" elapsed="2.118892"/>
</kw>
<tag>smoke pozitif</tag>
<status status="PASS" start="2025-08-08T13:33:35.279630" elapsed="4.155995"/>
</test>
<status status="PASS" start="2025-08-08T13:33:35.068190" elapsed="4.367435"/>
</suite>
<status status="PASS" start="2025-08-08T13:33:35.063162" elapsed="4.388899"/>
</suite>
<status status="PASS" start="2025-08-08T13:33:35.056049" elapsed="4.406765"/>
</suite>
<status status="PASS" start="2025-08-08T13:33:35.024876" elapsed="4.441553"/>
</suite>
<statistics>
<total>
<stat pass="1" fail="0" skip="0">All Tests</stat>
</total>
<tag>
<stat pass="1" fail="0" skip="0">smoke pozitif</stat>
</tag>
<suite>
<stat name="Edu Php" id="s1" pass="1" fail="0" skip="0">Edu Php</stat>
<stat name="Test" id="s1-s1" pass="1" fail="0" skip="0">Edu Php.Test</stat>
<stat name="Tests" id="s1-s1-s1" pass="1" fail="0" skip="0">Edu Php.Test.Tests</stat>
<stat name="Test Login" id="s1-s1-s1-s1" pass="1" fail="0" skip="0">Edu Php.Test.Tests.Test Login</stat>
</suite>
</statistics>
<errors>
</errors>
</robot>
